[2025-11-26 21:06:22,175: INFO: main]: Welcome to our custom logging data science
[2025-11-27 16:14:16,404: INFO: common]: yaml file: config\config.yaml loaded successfully
[2025-11-27 16:14:16,682: INFO: common]: yaml file: params.yaml loaded successfully
[2025-11-27 16:14:16,685: INFO: common]: yaml file: schema.yaml loaded successfully
[2025-11-27 16:14:16,714: INFO: common]: created directory at: artifacts_root
[2025-11-27 16:14:16,716: INFO: common]: created directory at: artifacts/data_ingestion
[2025-11-27 16:14:25,218: INFO: 1109236889]: artifacts/data_ingestion/data.zip download with following info: 
Connection: close
Content-Length: 23329
Cache-Control: max-age=300
Content-Security-Policy: default-src 'none'; style-src 'unsafe-inline'; sandbox
Content-Type: application/zip
ETag: "c69888a4ae59bc5a893392785a938ccd4937981c06ba8a9d6a21aa52b4ab5b6e"
Strict-Transport-Security: max-age=31536000
X-Content-Type-Options: nosniff
X-Frame-Options: deny
X-XSS-Protection: 1; mode=block
X-GitHub-Request-Id: 2840:22D449:23F4A8:40D822:69282B82
Accept-Ranges: bytes
Date: Thu, 27 Nov 2025 10:44:19 GMT
Via: 1.1 varnish
X-Served-By: cache-bom-vanm7210024-BOM
X-Cache: MISS
X-Cache-Hits: 0
X-Timer: S1764240260.624176,VS0,VE249
Vary: Authorization,Accept-Encoding
Access-Control-Allow-Origin: *
Cross-Origin-Resource-Policy: cross-origin
X-Fastly-Request-ID: 38aac285c210e0f42f726c800605eb6b3107009b
Expires: Thu, 27 Nov 2025 10:49:19 GMT
Source-Age: 0


[2025-11-27 21:10:55,356: INFO: main]: >>>>>> stage Data Ingestion Stage started <<<<<<
[2025-11-27 21:10:55,388: INFO: common]: yaml file: config\config.yaml loaded successfully
[2025-11-27 21:10:55,390: INFO: common]: yaml file: params.yaml loaded successfully
[2025-11-27 21:10:55,392: INFO: common]: yaml file: schema.yaml loaded successfully
[2025-11-27 21:10:55,392: INFO: common]: created directory at: artifacts_root
[2025-11-27 21:10:55,393: INFO: common]: created directory at: artifacts/data_ingestion
[2025-11-27 21:10:56,743: INFO: data_ingestion]: artifacts/data_ingestion/data.zip download with following info: 
Connection: close
Content-Length: 23329
Cache-Control: max-age=300
Content-Security-Policy: default-src 'none'; style-src 'unsafe-inline'; sandbox
Content-Type: application/zip
ETag: "c69888a4ae59bc5a893392785a938ccd4937981c06ba8a9d6a21aa52b4ab5b6e"
Strict-Transport-Security: max-age=31536000
X-Content-Type-Options: nosniff
X-Frame-Options: deny
X-XSS-Protection: 1; mode=block
X-GitHub-Request-Id: A56F:2FE4E5:2A3ED8:4DCF38:69287106
Accept-Ranges: bytes
Date: Thu, 27 Nov 2025 15:40:54 GMT
Via: 1.1 varnish
X-Served-By: cache-bom-vanm7210090-BOM
X-Cache: MISS
X-Cache-Hits: 0
X-Timer: S1764258054.233307,VS0,VE273
Vary: Authorization,Accept-Encoding
Access-Control-Allow-Origin: *
Cross-Origin-Resource-Policy: cross-origin
X-Fastly-Request-ID: e4c75ac74ae3eb069a379833b40d3b7ec68cc0b0
Expires: Thu, 27 Nov 2025 15:45:54 GMT
Source-Age: 0


[2025-11-27 21:10:56,901: INFO: main]: >>>>>>> stage Data Ingestion Stage completed <<<<<<<

x============x
[2025-11-28 21:44:58,145: INFO: common]: yaml file: config\config.yaml loaded successfully
[2025-11-28 21:44:58,354: INFO: common]: yaml file: params.yaml loaded successfully
[2025-11-28 21:44:58,419: INFO: common]: yaml file: schema.yaml loaded successfully
[2025-11-28 21:44:58,513: INFO: common]: created directory at: artifacts_root
[2025-11-28 21:47:26,707: INFO: common]: yaml file: config\config.yaml loaded successfully
[2025-11-28 21:47:26,709: INFO: common]: yaml file: params.yaml loaded successfully
[2025-11-28 21:47:26,724: INFO: common]: yaml file: schema.yaml loaded successfully
[2025-11-28 21:47:26,727: INFO: common]: created directory at: artifacts_root
[2025-11-28 21:48:11,432: INFO: common]: yaml file: config\config.yaml loaded successfully
[2025-11-28 21:48:11,434: INFO: common]: yaml file: params.yaml loaded successfully
[2025-11-28 21:48:11,438: INFO: common]: yaml file: schema.yaml loaded successfully
[2025-11-28 21:48:11,439: INFO: common]: created directory at: artifacts_root
[2025-11-28 21:48:58,058: INFO: common]: yaml file: config\config.yaml loaded successfully
[2025-11-28 21:48:58,060: INFO: common]: yaml file: params.yaml loaded successfully
[2025-11-28 21:48:58,067: INFO: common]: yaml file: schema.yaml loaded successfully
[2025-11-28 21:48:58,069: INFO: common]: created directory at: artifacts_root
[2025-11-28 21:50:43,848: INFO: common]: yaml file: config\config.yaml loaded successfully
[2025-11-28 21:50:43,850: INFO: common]: yaml file: params.yaml loaded successfully
[2025-11-28 21:50:43,852: INFO: common]: yaml file: schema.yaml loaded successfully
[2025-11-28 21:50:43,854: INFO: common]: created directory at: artifacts_root
[2025-11-29 21:22:28,469: INFO: main]: >>>>>> stage Data Ingestion Stage started <<<<<<
[2025-11-29 21:22:28,584: INFO: common]: yaml file: config\config.yaml loaded successfully
[2025-11-29 21:22:28,717: INFO: common]: yaml file: params.yaml loaded successfully
[2025-11-29 21:22:28,760: INFO: common]: yaml file: schema.yaml loaded successfully
[2025-11-29 21:22:28,785: INFO: common]: created directory at: artifacts_root
[2025-11-29 21:22:28,787: INFO: common]: created directory at: artifacts/data_ingestion
[2025-11-29 21:22:28,788: INFO: data_ingestion]: File already exists
[2025-11-29 21:22:29,146: INFO: main]: >>>>>>> stage Data Ingestion Stage completed <<<<<<<

x============x
[2025-11-29 21:22:29,146: INFO: main]: >>>>>> stage Data Validation stage started <<<<<<
[2025-11-29 21:22:29,151: INFO: common]: yaml file: config\config.yaml loaded successfully
[2025-11-29 21:22:29,155: INFO: common]: yaml file: params.yaml loaded successfully
[2025-11-29 21:22:29,161: INFO: common]: yaml file: schema.yaml loaded successfully
[2025-11-29 21:22:29,165: INFO: common]: created directory at: artifacts_root
[2025-11-29 21:22:29,166: ERROR: main]: "'ConfigBox' object has no attribute 'columns'"
Traceback (most recent call last):
  File "box\\box.py", line 594, in box.box.Box.__getitem__
KeyError: 'COLUMNS'

The above exception was the direct cause of the following exception:

Traceback (most recent call last):
  File "box\\box.py", line 633, in box.box.Box.__getattr__
  File "box\\box.py", line 621, in box.box.Box.__getitem__
box.exceptions.BoxKeyError: "'COLUMNS'"

During handling of the above exception, another exception occurred:

Traceback (most recent call last):
  File "box\\box.py", line 635, in box.box.Box.__getattr__
AttributeError: 'ConfigBox' object has no attribute 'COLUMNS'

The above exception was the direct cause of the following exception:

Traceback (most recent call last):
  File "box\\config_box.py", line 29, in box.config_box.ConfigBox.__getattr__
  File "box\\box.py", line 649, in box.box.Box.__getattr__
box.exceptions.BoxKeyError: "'ConfigBox' object has no attribute 'COLUMNS'"

During handling of the above exception, another exception occurred:

Traceback (most recent call last):
  File "box\\box.py", line 594, in box.box.Box.__getitem__
KeyError: 'columns'

The above exception was the direct cause of the following exception:

Traceback (most recent call last):
  File "box\\box.py", line 633, in box.box.Box.__getattr__
  File "box\\box.py", line 621, in box.box.Box.__getitem__
box.exceptions.BoxKeyError: "'columns'"

During handling of the above exception, another exception occurred:

Traceback (most recent call last):
  File "box\\box.py", line 635, in box.box.Box.__getattr__
AttributeError: 'ConfigBox' object has no attribute 'columns'

The above exception was the direct cause of the following exception:

Traceback (most recent call last):
  File "D:\CampusX\Miscellaneous topics\datascienceproject\main.py", line 21, in <module>
    data_validation.initiate_data_validation()
    ~~~~~~~~~~~~~~~~~~~~~~~~~~~~~~~~~~~~~~~~^^
  File "D:\CampusX\Miscellaneous topics\datascienceproject\src\datascience\pipeline\data_validation_pipeline.py", line 13, in initiate_data_validation
    data_validation_config = config.get_data_validation_config()
  File "D:\CampusX\Miscellaneous topics\datascienceproject\src\datascience\config\configuration.py", line 31, in get_data_validation_config
    schema = self.config.COLUMNS
             ^^^^^^^^^^^^^^^^^^^
  File "box\\config_box.py", line 31, in box.config_box.ConfigBox.__getattr__
  File "box\\box.py", line 649, in box.box.Box.__getattr__
box.exceptions.BoxKeyError: "'ConfigBox' object has no attribute 'columns'"
[2025-11-29 21:35:24,871: INFO: main]: >>>>>> stage Data Ingestion Stage started <<<<<<
[2025-11-29 21:35:24,902: INFO: common]: yaml file: config\config.yaml loaded successfully
[2025-11-29 21:35:24,935: INFO: common]: yaml file: params.yaml loaded successfully
[2025-11-29 21:35:24,951: INFO: common]: yaml file: schema.yaml loaded successfully
[2025-11-29 21:35:24,963: INFO: common]: created directory at: artifacts_root
[2025-11-29 21:35:24,965: INFO: common]: created directory at: artifacts/data_ingestion
[2025-11-29 21:35:24,967: INFO: data_ingestion]: File already exists
[2025-11-29 21:35:24,988: INFO: main]: >>>>>>> stage Data Ingestion Stage completed <<<<<<<

x============x
[2025-11-29 21:35:24,989: INFO: main]: >>>>>> stage Data Validation stage started <<<<<<
[2025-11-29 21:35:24,995: INFO: common]: yaml file: config\config.yaml loaded successfully
[2025-11-29 21:35:24,999: INFO: common]: yaml file: params.yaml loaded successfully
[2025-11-29 21:35:25,008: INFO: common]: yaml file: schema.yaml loaded successfully
[2025-11-29 21:35:25,012: INFO: common]: created directory at: artifacts_root
[2025-11-29 21:35:25,015: INFO: common]: created directory at: artifacts/data_validation
[2025-11-29 21:35:25,298: INFO: main]: >>>>>>> stage Data Validation stage completed <<<<<<<

x============x
[2025-12-01 21:26:42,542: INFO: common]: yaml file: config\config.yaml loaded successfully
[2025-12-01 21:26:42,810: INFO: common]: yaml file: params.yaml loaded successfully
[2025-12-01 21:26:42,843: INFO: common]: yaml file: schema.yaml loaded successfully
[2025-12-01 21:26:42,950: INFO: common]: created directory at: artifacts_root
[2025-12-01 21:26:42,952: INFO: common]: created directory at: artifacts/data_transformation
[2025-12-01 21:26:43,760: INFO: 1255093651]: Splited data into training and test sets
[2025-12-01 21:26:43,761: INFO: 1255093651]: (1199, 12)
[2025-12-01 21:26:43,762: INFO: 1255093651]: (400, 12)
[2025-12-01 21:56:10,092: INFO: main]: >>>>>> stage Data Ingestion Stage started <<<<<<
[2025-12-01 21:56:10,129: INFO: common]: yaml file: config\config.yaml loaded successfully
[2025-12-01 21:56:10,145: INFO: common]: yaml file: params.yaml loaded successfully
[2025-12-01 21:56:10,179: INFO: common]: yaml file: schema.yaml loaded successfully
[2025-12-01 21:56:10,181: INFO: common]: created directory at: artifacts_root
[2025-12-01 21:56:10,181: INFO: common]: created directory at: artifacts/data_ingestion
[2025-12-01 21:56:10,182: INFO: data_ingestion]: File already exists
[2025-12-01 21:56:10,766: INFO: main]: >>>>>>> stage Data Ingestion Stage completed <<<<<<<

x============x
[2025-12-01 21:56:10,766: INFO: main]: >>>>>> stage Data Validation stage started <<<<<<
[2025-12-01 21:56:10,768: INFO: common]: yaml file: config\config.yaml loaded successfully
[2025-12-01 21:56:10,769: INFO: common]: yaml file: params.yaml loaded successfully
[2025-12-01 21:56:10,772: INFO: common]: yaml file: schema.yaml loaded successfully
[2025-12-01 21:56:10,773: INFO: common]: created directory at: artifacts_root
[2025-12-01 21:56:10,773: INFO: common]: created directory at: artifacts/data_validation
[2025-12-01 21:56:10,806: INFO: main]: >>>>>>> stage Data Validation stage completed <<<<<<<

x============x
[2025-12-01 21:56:10,806: INFO: main]: >>>>>> stage Data Transformation stage started <<<<<<
[2025-12-01 21:56:10,834: INFO: main]: >>>>>>> stage Data Transformation stage completed <<<<<<<

x============x
[2025-12-01 21:56:56,139: INFO: main]: >>>>>> stage Data Ingestion Stage started <<<<<<
[2025-12-01 21:56:56,141: INFO: common]: yaml file: config\config.yaml loaded successfully
[2025-12-01 21:56:56,165: INFO: common]: yaml file: params.yaml loaded successfully
[2025-12-01 21:56:56,166: INFO: common]: yaml file: schema.yaml loaded successfully
[2025-12-01 21:56:56,167: INFO: common]: created directory at: artifacts_root
[2025-12-01 21:56:56,168: INFO: common]: created directory at: artifacts/data_ingestion
[2025-12-01 21:56:56,168: INFO: data_ingestion]: File already exists
[2025-12-01 21:56:56,170: INFO: main]: >>>>>>> stage Data Ingestion Stage completed <<<<<<<

x============x
[2025-12-01 21:56:56,170: INFO: main]: >>>>>> stage Data Validation stage started <<<<<<
[2025-12-01 21:56:56,172: INFO: common]: yaml file: config\config.yaml loaded successfully
[2025-12-01 21:56:56,173: INFO: common]: yaml file: params.yaml loaded successfully
[2025-12-01 21:56:56,174: INFO: common]: yaml file: schema.yaml loaded successfully
[2025-12-01 21:56:56,176: INFO: common]: created directory at: artifacts_root
[2025-12-01 21:56:56,176: INFO: common]: created directory at: artifacts/data_validation
[2025-12-01 21:56:56,206: INFO: main]: >>>>>>> stage Data Validation stage completed <<<<<<<

x============x
[2025-12-01 21:56:56,206: INFO: main]: >>>>>> stage Data Transformation stage started <<<<<<
[2025-12-01 21:56:56,212: INFO: common]: yaml file: config\config.yaml loaded successfully
[2025-12-01 21:56:56,214: INFO: common]: yaml file: params.yaml loaded successfully
[2025-12-01 21:56:56,216: INFO: common]: yaml file: schema.yaml loaded successfully
[2025-12-01 21:56:56,217: INFO: common]: created directory at: artifacts_root
[2025-12-01 21:56:56,218: INFO: common]: created directory at: artifacts/data_transformation
[2025-12-01 21:56:56,273: INFO: data_transformation]: Splited data into training and test sets
[2025-12-01 21:56:56,273: INFO: data_transformation]: (1199, 12)
[2025-12-01 21:56:56,273: INFO: data_transformation]: (400, 12)
[2025-12-01 21:56:56,275: INFO: main]: >>>>>>> stage Data Transformation stage completed <<<<<<<

x============x
[2025-12-02 17:34:49,509: INFO: common]: yaml file: config\config.yaml loaded successfully
[2025-12-02 17:34:49,554: INFO: common]: yaml file: params.yaml loaded successfully
[2025-12-02 17:34:49,581: INFO: common]: yaml file: schema.yaml loaded successfully
[2025-12-02 17:34:49,607: INFO: common]: created directory at: artifacts_root
[2025-12-02 17:34:49,608: INFO: common]: created directory at: artifacts/model_trainer
[2025-12-02 18:00:33,639: INFO: main]: >>>>>> stage Data Ingestion Stage started <<<<<<
[2025-12-02 18:00:33,668: INFO: common]: yaml file: config\config.yaml loaded successfully
[2025-12-02 18:00:33,691: INFO: common]: yaml file: params.yaml loaded successfully
[2025-12-02 18:00:33,696: INFO: common]: yaml file: schema.yaml loaded successfully
[2025-12-02 18:00:33,722: INFO: common]: created directory at: artifacts_root
[2025-12-02 18:00:33,723: INFO: common]: created directory at: artifacts/data_ingestion
[2025-12-02 18:00:33,723: INFO: data_ingestion]: File already exists
[2025-12-02 18:00:34,070: INFO: main]: >>>>>>> stage Data Ingestion Stage completed <<<<<<<

x============x
[2025-12-02 18:00:34,071: INFO: main]: >>>>>> stage Data Validation stage started <<<<<<
[2025-12-02 18:00:34,073: INFO: common]: yaml file: config\config.yaml loaded successfully
[2025-12-02 18:00:34,074: INFO: common]: yaml file: params.yaml loaded successfully
[2025-12-02 18:00:34,076: INFO: common]: yaml file: schema.yaml loaded successfully
[2025-12-02 18:00:34,077: INFO: common]: created directory at: artifacts_root
[2025-12-02 18:00:34,079: INFO: common]: created directory at: artifacts/data_validation
[2025-12-02 18:00:34,340: INFO: main]: >>>>>>> stage Data Validation stage completed <<<<<<<

x============x
[2025-12-02 18:00:34,340: INFO: main]: >>>>>> stage Data Transformation stage started <<<<<<
[2025-12-02 18:00:34,355: INFO: common]: yaml file: config\config.yaml loaded successfully
[2025-12-02 18:00:34,356: INFO: common]: yaml file: params.yaml loaded successfully
[2025-12-02 18:00:34,358: INFO: common]: yaml file: schema.yaml loaded successfully
[2025-12-02 18:00:34,359: INFO: common]: created directory at: artifacts_root
[2025-12-02 18:00:34,359: INFO: common]: created directory at: artifacts/data_transformation
[2025-12-02 18:00:34,632: INFO: data_transformation]: Splited data into training and test sets
[2025-12-02 18:00:34,632: INFO: data_transformation]: (1199, 12)
[2025-12-02 18:00:34,632: INFO: data_transformation]: (400, 12)
[2025-12-02 18:00:34,633: INFO: main]: >>>>>>> stage Data Transformation stage completed <<<<<<<

x============x
[2025-12-02 18:00:34,633: INFO: main]: >>>>>> stage Model Training stage started <<<<<<
[2025-12-02 18:00:34,633: ERROR: main]: 'ModelTrainerPipeline' object has no attribute 'initiate_model_trainer'
Traceback (most recent call last):
  File "D:\CampusX\Miscellaneous topics\datascienceproject\main.py", line 45, in <module>
    model_trainer.initiate_model_trainer()
    ^^^^^^^^^^^^^^^^^^^^^^^^^^^^^^^^^^^^
AttributeError: 'ModelTrainerPipeline' object has no attribute 'initiate_model_trainer'. Did you mean: 'initiate_model_training'?
[2025-12-02 18:01:09,344: INFO: main]: >>>>>> stage Data Ingestion Stage started <<<<<<
[2025-12-02 18:01:09,348: INFO: common]: yaml file: config\config.yaml loaded successfully
[2025-12-02 18:01:09,350: INFO: common]: yaml file: params.yaml loaded successfully
[2025-12-02 18:01:09,353: INFO: common]: yaml file: schema.yaml loaded successfully
[2025-12-02 18:01:09,354: INFO: common]: created directory at: artifacts_root
[2025-12-02 18:01:09,355: INFO: common]: created directory at: artifacts/data_ingestion
[2025-12-02 18:01:09,356: INFO: data_ingestion]: File already exists
[2025-12-02 18:01:09,359: INFO: main]: >>>>>>> stage Data Ingestion Stage completed <<<<<<<

x============x
[2025-12-02 18:01:09,359: INFO: main]: >>>>>> stage Data Validation stage started <<<<<<
[2025-12-02 18:01:09,364: INFO: common]: yaml file: config\config.yaml loaded successfully
[2025-12-02 18:01:09,366: INFO: common]: yaml file: params.yaml loaded successfully
[2025-12-02 18:01:09,369: INFO: common]: yaml file: schema.yaml loaded successfully
[2025-12-02 18:01:09,370: INFO: common]: created directory at: artifacts_root
[2025-12-02 18:01:09,371: INFO: common]: created directory at: artifacts/data_validation
[2025-12-02 18:01:09,405: INFO: main]: >>>>>>> stage Data Validation stage completed <<<<<<<

x============x
[2025-12-02 18:01:09,406: INFO: main]: >>>>>> stage Data Transformation stage started <<<<<<
[2025-12-02 18:01:09,410: INFO: common]: yaml file: config\config.yaml loaded successfully
[2025-12-02 18:01:09,411: INFO: common]: yaml file: params.yaml loaded successfully
[2025-12-02 18:01:09,415: INFO: common]: yaml file: schema.yaml loaded successfully
[2025-12-02 18:01:09,416: INFO: common]: created directory at: artifacts_root
[2025-12-02 18:01:09,417: INFO: common]: created directory at: artifacts/data_transformation
[2025-12-02 18:01:09,476: INFO: data_transformation]: Splited data into training and test sets
[2025-12-02 18:01:09,483: INFO: data_transformation]: (1199, 12)
[2025-12-02 18:01:09,489: INFO: data_transformation]: (400, 12)
[2025-12-02 18:01:09,502: INFO: main]: >>>>>>> stage Data Transformation stage completed <<<<<<<

x============x
[2025-12-02 18:01:09,511: INFO: main]: >>>>>> stage Model Training stage started <<<<<<
[2025-12-02 18:01:09,535: INFO: common]: yaml file: config\config.yaml loaded successfully
[2025-12-02 18:01:09,539: INFO: common]: yaml file: params.yaml loaded successfully
[2025-12-02 18:01:09,543: INFO: common]: yaml file: schema.yaml loaded successfully
[2025-12-02 18:01:09,545: INFO: common]: created directory at: artifacts_root
[2025-12-02 18:01:09,546: INFO: common]: created directory at: artifacts/model_trainer
[2025-12-02 18:01:10,572: INFO: main]: >>>>>>> stage Model Training stage completed <<<<<<<

x============x
